app/build/outputs/logs/manifest-merger-debug-report.txt
-- Merging decision tree log ---
manifest
ADDED from src\main\AndroidManifest.xml:2:1-26:12
	package
		ADDED from src\main\AndroidManifest.xml:3:5-43
		INJECTED from src\main\AndroidManifest.xml
		INJECTED from src\main\AndroidManifest.xml
	android:versionName
		INJECTED from src\main\AndroidManifest.xml
		INJECTED from src\main\AndroidManifest.xml
	xmlns:android
		ADDED from src\main\AndroidManifest.xml:2:11-69
	android:versionCode
		INJECTED from src\main\AndroidManifest.xml
		INJECTED from src\main\AndroidManifest.xml
uses-permission#android.permission.INTERNET
ADDED from src\main\AndroidManifest.xml:6:3-64
	android:name
		ADDED from src\main\AndroidManifest.xml:6:20-62
uses-permission#android.permission.ACCESS_NETWORK_STATE
ADDED from src\main\AndroidManifest.xml:7:3-76
MERGED from [com.github.pwittchen:reactivenetwork:0.2.0] AndroidManifest.xml:11:5-79
	android:name
		ADDED from src\main\AndroidManifest.xml:7:20-74
application
ADDED from src\main\AndroidManifest.xml:9:3-24:17
MERGED from [com.github.pwittchen:reactivenetwork:0.2.0] AndroidManifest.xml:16:5-20
MERGED from [com.android.support:design:23.1.1] AndroidManifest.xml:22:5-20
MERGED from [com.miguelcatalan:materialsearchview:1.2.0] AndroidManifest.xml:11:5-12:19
MERGED from [com.android.support:appcompat-v7:23.1.1] AndroidManifest.xml:22:5-20
MERGED from [com.github.pwittchen:infinitescroll:0.0.1] AndroidManifest.xml:11:5-20
MERGED from [com.android.support:support-v4:23.1.1] AndroidManifest.xml:22:5-20
MERGED from [com.jakewharton.timber:timber:4.1.2] AndroidManifest.xml:8:5-20
	android:label
		ADDED from src\main\AndroidManifest.xml:13:7-39
	android:supportsRtl
		ADDED from src\main\AndroidManifest.xml:14:7-34
	android:allowBackup
		ADDED from src\main\AndroidManifest.xml:11:7-33
	android:icon
		ADDED from src\main\AndroidManifest.xml:12:7-43
	android:theme
		ADDED from src\main\AndroidManifest.xml:15:7-38
	android:name
		ADDED from src\main\AndroidManifest.xml:10:7-38
activity#com.pwittchen.search.twitter.ui.MainActivity
ADDED from src\main\AndroidManifest.xml:17:5-22:16
	android:name
		ADDED from src\main\AndroidManifest.xml:17:15-46
intent-filter#android.intent.action.MAIN+android.intent.category.LAUNCHER
ADDED from src\main\AndroidManifest.xml:18:7-21:23
action#android.intent.action.MAIN
ADDED from src\main\AndroidManifest.xml:19:9-60
	android:name
		ADDED from src\main\AndroidManifest.xml:19:17-58
category#android.intent.category.LAUNCHER
ADDED from src\main\AndroidManifest.xml:20:9-68
	android:name
		ADDED from src\main\AndroidManifest.xml:20:19-66
uses-sdk
INJECTED from src\main\AndroidManifest.xml reason: use-sdk injection requested
MERGED from [com.github.pwittchen:reactivenetwork:0.2.0] AndroidManifest.xml:7:5-9:41
MERGED from [io.reactivex:rxandroid:1.1.0] AndroidManifest.xml:19:5-43
MERGED from [com.android.support:design:23.1.1] AndroidManifest.xml:20:5-43
MERGED from [com.miguelcatalan:materialsearchview:1.2.0] AndroidManifest.xml:7:5-9:41
MERGED from [com.android.support:appcompat-v7:23.1.1] AndroidManifest.xml:20:5-43
MERGED from [com.github.pwittchen:infinitescroll:0.0.1] AndroidManifest.xml:7:5-9:41
MERGED from [com.android.support:recyclerview-v7:23.1.1] AndroidManifest.xml:20:5-43
MERGED from [com.android.support:support-v4:23.1.1] AndroidManifest.xml:20:5-43
MERGED from [com.jakewharton.timber:timber:4.1.2] AndroidManifest.xml:6:5-44
	android:targetSdkVersion
		INJECTED from src\main\AndroidManifest.xml
		INJECTED from src\main\AndroidManifest.xml
	android:minSdkVersion
		INJECTED from src\main\AndroidManifest.xml
		INJECTED from src\main\AndroidManifest.xml
uses-permission#android.permission.ACCESS_WIFI_STATE
ADDED from [com.github.pwittchen:reactivenetwork:0.2.0] AndroidManifest.xml:12:5-76
	android:name
		ADDED from [com.github.pwittchen:reactivenetwork:0.2.0] AndroidManifest.xml:12:22-73
uses-permission#android.permission.CHANGE_WIFI_STATE
ADDED from [com.github.pwittchen:reactivenetwork:0.2.0] AndroidManifest.xml:13:5-76
	android:name
		ADDED from [com.github.pwittchen:reactivenetwork:0.2.0] AndroidManifest.xml:13:22-73
uses-permission#android.permission.ACCESS_COARSE_LOCATION
ADDED from [com.github.pwittchen:reactivenetwork:0.2.0] AndroidManifest.xml:14:5-81
	android:name
		ADDED from [com.github.pwittchen:reactivenetwork:0.2.0] AndroidManifest.xml:14:22-78